<?xml version="1.0" encoding="UTF-8"?>
<!-- Generated by org.testng.reporters.JUnitXMLReporter -->
<testsuite hostname="admin-PC" failures="0" tests="10" name="Test Automation" time="234.737" errors="0" timestamp="1 Feb 2022 19:49:19 GMT">
  <testcase classname="com.org.test.ChallengingDomTest" name="verifyAnswerOnRefreshPage" time="2.163"/>
  <testcase classname="com.org.test.ChallengingDomTest" name="verifyAnswerValue" time="0.062"/>
  <testcase classname="com.org.test.ChallengingDomTest" name="verifyClickOnNthDeleteLink" time="0.362"/>
  <testcase classname="com.org.test.ChallengingDomTest" name="verifyClickOnNthEditLink" time="0.307"/>
  <testcase classname="com.org.test.ChallengingDomTest" name="verifyFirstButtonOperation" time="0.745"/>
  <testcase classname="com.org.test.ChallengingDomTest" name="verifyNavigationToChallengingDom" time="0.128"/>
  <testcase classname="com.org.test.ChallengingDomTest" name="verifySecondButtonOperation" time="0.549"/>
  <testcase classname="com.org.test.ChallengingDomTest" name="verifyTableHeaderText" time="0.106"/>
  <testcase classname="com.org.test.ChallengingDomTest" name="verifyTextBelowHeader" time="0.13"/>
  <testcase classname="com.org.test.ChallengingDomTest" name="verifyThirdButtonOperation" time="0.724"/>
</testsuite> <!-- Test Automation -->
